<?xml version="1.0" encoding="UTF-8"?>
<!-- Generated by org.testng.reporters.JUnitReportReporter -->
<testsuite hostname="DESKTOP-S0EPV03" failures="0" tests="1" name="test_Scripts.Brainly_data" time="67.918" errors="0" timestamp="2022-11-30T09:29:29 IST" skipped="0">
  <testcase classname="test_Scripts.Brainly_data" name="login1" time="67.918"/>
  <system-out/>
</testsuite> <!-- test_Scripts.Brainly_data -->
