<?xml version="1.0" encoding="UTF-8"?>
<!-- Generated by org.testng.reporters.JUnitReportReporter -->
<testsuite hostname="DESKTOP-S0EPV03" failures="0" tests="1" name="test_Scripts.Login_data" time="121.991" errors="0" timestamp="2022-11-29T14:30:43 IST" skipped="0">
  <testcase classname="test_Scripts.Login_data" name="login1" time="121.991"/>
  <system-out/>
</testsuite> <!-- test_Scripts.Login_data -->
